[32mapp:build: [0mcache hit, replaying output [2m87d676591ee0a5ed[0m
[32mapp:build: [0m
[32mapp:build: [0m> app@0.1.0 build C:\Projects_on_May\my-workspace-app\app
[32mapp:build: [0m> next build
[32mapp:build: [0m
[32mapp:build: [0minfo  - Checking validity of types...
[32mapp:build: [0minfo  - Creating an optimized production build...
[32mapp:build: [0minfo  - Compiled successfully
[32mapp:build: [0minfo  - Collecting page data...
[32mapp:build: [0minfo  - Generating static pages (0/3)
[32mapp:build: [0minfo  - Generating static pages (3/3)
[32mapp:build: [0minfo  - Finalizing page optimization...
[32mapp:build: [0m
[32mapp:build: [0mPage                                       Size     First Load JS
[32mapp:build: [0m┌ ○ /                                      6.34 kB        81.3 kB
[32mapp:build: [0m├   └ css/149b18973e5508c7.css             655 B
[32mapp:build: [0m├   /_app                                  0 B            74.9 kB
[32mapp:build: [0m├ ○ /404                                   194 B          75.1 kB
[32mapp:build: [0m└ λ /api/hello                             0 B            74.9 kB
[32mapp:build: [0m+ First Load JS shared by all              74.9 kB
[32mapp:build: [0m  ├ chunks/framework-2d55a188da0d0c7c.js   45 kB
[32mapp:build: [0m  ├ chunks/main-bbc3786ed59b761b.js        28.7 kB
[32mapp:build: [0m  ├ chunks/pages/_app-b7575113c683e21c.js  493 B
[32mapp:build: [0m  ├ chunks/webpack-69bfa6990bb9e155.js     769 B
[32mapp:build: [0m  └ css/27d177a30947857b.css               194 B
[32mapp:build: [0m
[32mapp:build: [0mλ  (Server)  server-side renders at runtime (uses getInitialProps or getServerSideProps)
[32mapp:build: [0m○  (Static)  automatically rendered as static HTML (uses no initial props)
[32mapp:build: [0m
